["INFO" - 10:02:05 AM] Extension Name: esbenp.prettier-vscode.
["INFO" - 10:02:05 AM] Extension Version: 8.0.1.
["INFO" - 11:40:14 AM] Formatting /home/northern/Projects/dots/README.md
["INFO" - 11:40:14 AM] Using ignore file (if present) at /home/northern/Projects/dots/.prettierignore
["INFO" - 11:40:14 AM] File Info:
{
  "ignored": false,
  "inferredParser": "markdown"
}
["INFO" - 11:40:14 AM] No local configuration (i.e. .prettierrc or .editorconfig) detected, falling back to VS Code configuration
["INFO" - 11:40:14 AM] Prettier Options:
{
  "arrowParens": "always",
  "bracketSpacing": true,
  "endOfLine": "lf",
  "htmlWhitespaceSensitivity": "css",
  "insertPragma": false,
  "jsxBracketSameLine": false,
  "jsxSingleQuote": false,
  "printWidth": 80,
  "proseWrap": "preserve",
  "quoteProps": "as-needed",
  "requirePragma": false,
  "semi": true,
  "singleQuote": false,
  "tabWidth": 2,
  "trailingComma": "es5",
  "useTabs": false,
  "vueIndentScriptAndStyle": false,
  "filepath": "/home/northern/Projects/dots/README.md",
  "parser": "markdown"
}
["INFO" - 11:40:15 AM] Formatting completed in 106.332174ms.
["INFO" - 1:45:49 PM] Formatting /home/northern/Projects/dots/README.md
["INFO" - 1:45:49 PM] Using ignore file (if present) at /home/northern/Projects/dots/.prettierignore
["INFO" - 1:45:49 PM] File Info:
{
  "ignored": false,
  "inferredParser": "markdown"
}
["INFO" - 1:45:49 PM] No local configuration (i.e. .prettierrc or .editorconfig) detected, falling back to VS Code configuration
["INFO" - 1:45:49 PM] Prettier Options:
{
  "arrowParens": "always",
  "bracketSpacing": true,
  "endOfLine": "lf",
  "htmlWhitespaceSensitivity": "css",
  "insertPragma": false,
  "jsxBracketSameLine": false,
  "jsxSingleQuote": false,
  "printWidth": 80,
  "proseWrap": "preserve",
  "quoteProps": "as-needed",
  "requirePragma": false,
  "semi": true,
  "singleQuote": false,
  "tabWidth": 2,
  "trailingComma": "es5",
  "useTabs": false,
  "vueIndentScriptAndStyle": false,
  "filepath": "/home/northern/Projects/dots/README.md",
  "parser": "markdown"
}
["INFO" - 1:45:49 PM] Formatting completed in 58.870724ms.
["INFO" - 5:32:01 PM] Formatting /home/northern/Projects/dots/README.md
["INFO" - 5:32:01 PM] Using ignore file (if present) at /home/northern/Projects/dots/.prettierignore
["INFO" - 5:32:01 PM] File Info:
{
  "ignored": false,
  "inferredParser": "markdown"
}
["INFO" - 5:32:01 PM] No local configuration (i.e. .prettierrc or .editorconfig) detected, falling back to VS Code configuration
["INFO" - 5:32:01 PM] Prettier Options:
{
  "arrowParens": "always",
  "bracketSpacing": true,
  "endOfLine": "lf",
  "htmlWhitespaceSensitivity": "css",
  "insertPragma": false,
  "jsxBracketSameLine": false,
  "jsxSingleQuote": false,
  "printWidth": 80,
  "proseWrap": "preserve",
  "quoteProps": "as-needed",
  "requirePragma": false,
  "semi": true,
  "singleQuote": false,
  "tabWidth": 2,
  "trailingComma": "es5",
  "useTabs": false,
  "vueIndentScriptAndStyle": false,
  "filepath": "/home/northern/Projects/dots/README.md",
  "parser": "markdown"
}
["INFO" - 5:32:01 PM] Formatting completed in 85.654167ms.
