["INFO" - 6:03:00 PM] Extension Name: esbenp.prettier-vscode.
["INFO" - 6:03:00 PM] Extension Version: 8.0.1.
["INFO" - 6:51:50 PM] Formatting /home/northern/Projects/dots/README.md
["INFO" - 6:51:50 PM] Using ignore file (if present) at /home/northern/Projects/dots/.prettierignore
["INFO" - 6:51:50 PM] File Info:
{
  "ignored": false,
  "inferredParser": "markdown"
}
["INFO" - 6:51:50 PM] No local configuration (i.e. .prettierrc or .editorconfig) detected, falling back to VS Code configuration
["INFO" - 6:51:50 PM] Prettier Options:
{
  "arrowParens": "always",
  "bracketSpacing": true,
  "endOfLine": "lf",
  "htmlWhitespaceSensitivity": "css",
  "insertPragma": false,
  "jsxBracketSameLine": false,
  "jsxSingleQuote": false,
  "printWidth": 80,
  "proseWrap": "preserve",
  "quoteProps": "as-needed",
  "requirePragma": false,
  "semi": true,
  "singleQuote": false,
  "tabWidth": 2,
  "trailingComma": "es5",
  "useTabs": false,
  "vueIndentScriptAndStyle": false,
  "filepath": "/home/northern/Projects/dots/README.md",
  "parser": "markdown"
}
["INFO" - 6:51:50 PM] Formatting completed in 101.225248ms.
["INFO" - 7:04:47 PM] Formatting /home/northern/Projects/dots/README.md
["INFO" - 7:04:47 PM] Using ignore file (if present) at /home/northern/Projects/dots/.prettierignore
["INFO" - 7:04:47 PM] File Info:
{
  "ignored": false,
  "inferredParser": "markdown"
}
["INFO" - 7:04:47 PM] No local configuration (i.e. .prettierrc or .editorconfig) detected, falling back to VS Code configuration
["INFO" - 7:04:47 PM] Prettier Options:
{
  "arrowParens": "always",
  "bracketSpacing": true,
  "endOfLine": "lf",
  "htmlWhitespaceSensitivity": "css",
  "insertPragma": false,
  "jsxBracketSameLine": false,
  "jsxSingleQuote": false,
  "printWidth": 80,
  "proseWrap": "preserve",
  "quoteProps": "as-needed",
  "requirePragma": false,
  "semi": true,
  "singleQuote": false,
  "tabWidth": 2,
  "trailingComma": "es5",
  "useTabs": false,
  "vueIndentScriptAndStyle": false,
  "filepath": "/home/northern/Projects/dots/README.md",
  "parser": "markdown"
}
["INFO" - 7:04:47 PM] Formatting completed in 66.219651ms.
["INFO" - 7:57:37 PM] Formatting /home/northern/Projects/dots/README.md
["INFO" - 7:57:37 PM] Using ignore file (if present) at /home/northern/Projects/dots/.prettierignore
["INFO" - 7:57:37 PM] File Info:
{
  "ignored": false,
  "inferredParser": "markdown"
}
["INFO" - 7:57:37 PM] No local configuration (i.e. .prettierrc or .editorconfig) detected, falling back to VS Code configuration
["INFO" - 7:57:37 PM] Prettier Options:
{
  "arrowParens": "always",
  "bracketSpacing": true,
  "endOfLine": "lf",
  "htmlWhitespaceSensitivity": "css",
  "insertPragma": false,
  "jsxBracketSameLine": false,
  "jsxSingleQuote": false,
  "printWidth": 80,
  "proseWrap": "preserve",
  "quoteProps": "as-needed",
  "requirePragma": false,
  "semi": true,
  "singleQuote": false,
  "tabWidth": 2,
  "trailingComma": "es5",
  "useTabs": false,
  "vueIndentScriptAndStyle": false,
  "filepath": "/home/northern/Projects/dots/README.md",
  "parser": "markdown"
}
["INFO" - 7:57:37 PM] Formatting completed in 38.651719ms.
