Looking for git in: git
Using git 2.32.0 from git
> git rev-parse --git-dir
Open repository: /home/northern/Projects/anarchi
> git fetch
> git status -z -u
> git symbolic-ref --short HEAD
> git for-each-ref --format=%(refname)%00%(upstream:short)%00%(objectname)%00%(upstream:track) refs/heads/master refs/remotes/master
> git for-each-ref --sort -committerdate --format %(refname) %(objectname) %(*objectname)
> git remote --verbose
Warning: Failed to watch ref '/home/northern/Projects/anarchi/.git/refs/remotes/origin/master', is most likely packed.
> git config --get commit.template
> git check-ignore -v -z --stdin
> git status -z -u
> git symbolic-ref --short HEAD
> git for-each-ref --format=%(refname)%00%(upstream:short)%00%(objectname)%00%(upstream:track) refs/heads/master refs/remotes/master
> git for-each-ref --sort -committerdate --format %(refname) %(objectname) %(*objectname)
> git remote --verbose
Warning: Failed to watch ref '/home/northern/Projects/anarchi/.git/refs/remotes/origin/master', is most likely packed.
> git config --get commit.template
> git show --textconv HEAD:anarchi.sh
> git ls-tree -l HEAD -- /home/northern/Projects/anarchi/anarchi.sh
> git show --textconv HEAD:LICENSE
> git ls-tree -l HEAD -- /home/northern/Projects/anarchi/LICENSE
> git show --textconv HEAD:README.md
> git ls-tree -l HEAD -- /home/northern/Projects/anarchi/README.md
> git show --textconv HEAD:anarchi.sh
> git ls-tree -l HEAD -- /home/northern/Projects/anarchi/anarchi.sh
> git show --textconv :README.md
> git ls-files --stage -- /home/northern/Projects/anarchi/README.md
> git cat-file -s 810655389c8d0be3b6b4b6385be4b4e92131635b
> git show --textconv HEAD:README.md
> git ls-tree -l HEAD -- /home/northern/Projects/anarchi/README.md
> git show --textconv :README.md
> git ls-files --stage -- /home/northern/Projects/anarchi/README.md
> git cat-file -s 810655389c8d0be3b6b4b6385be4b4e92131635b
> git checkout -q -- /home/northern/Projects/anarchi/README.md
> git status -z -u
> git symbolic-ref --short HEAD
> git for-each-ref --format=%(refname)%00%(upstream:short)%00%(objectname)%00%(upstream:track) refs/heads/master refs/remotes/master
> git for-each-ref --sort -committerdate --format %(refname) %(objectname) %(*objectname)
> git remote --verbose
Warning: Failed to watch ref '/home/northern/Projects/anarchi/.git/refs/remotes/origin/master', is most likely packed.
> git config --get commit.template
> git ls-files --stage -- /home/northern/Projects/anarchi/README.md
> git cat-file -s 810655389c8d0be3b6b4b6385be4b4e92131635b
> git show --textconv :README.md
> git checkout -q -- /home/northern/Projects/anarchi/LICENSE
> git status -z -u
> git symbolic-ref --short HEAD
> git for-each-ref --format=%(refname)%00%(upstream:short)%00%(objectname)%00%(upstream:track) refs/heads/master refs/remotes/master
> git for-each-ref --sort -committerdate --format %(refname) %(objectname) %(*objectname)
> git remote --verbose
Warning: Failed to watch ref '/home/northern/Projects/anarchi/.git/refs/remotes/origin/master', is most likely packed.
> git config --get commit.template
> git status -z -u
> git symbolic-ref --short HEAD
> git for-each-ref --format=%(refname)%00%(upstream:short)%00%(objectname)%00%(upstream:track) refs/heads/master refs/remotes/master
> git for-each-ref --sort -committerdate --format %(refname) %(objectname) %(*objectname)
> git remote --verbose
Warning: Failed to watch ref '/home/northern/Projects/anarchi/.git/refs/remotes/origin/master', is most likely packed.
> git config --get commit.template
> git ls-files --stage -- /home/northern/Projects/anarchi/README.md
> git cat-file -s 810655389c8d0be3b6b4b6385be4b4e92131635b
> git show --textconv :README.md
> git status -z -u
> git symbolic-ref --short HEAD
> git for-each-ref --format=%(refname)%00%(upstream:short)%00%(objectname)%00%(upstream:track) refs/heads/master refs/remotes/master
> git for-each-ref --sort -committerdate --format %(refname) %(objectname) %(*objectname)
> git remote --verbose
Warning: Failed to watch ref '/home/northern/Projects/anarchi/.git/refs/remotes/origin/master', is most likely packed.
> git config --get commit.template
> git show --textconv :anarchi.sh
> git ls-files --stage -- /home/northern/Projects/anarchi/anarchi.sh
> git cat-file -s da3b0eb4bc21cfe71e1f713945e76ea7aa891f26
> git show --textconv :anarchi.sh
> git ls-files --stage -- /home/northern/Projects/anarchi/anarchi.sh
> git cat-file -s da3b0eb4bc21cfe71e1f713945e76ea7aa891f26
> git fetch
> git status -z -u
> git symbolic-ref --short HEAD
> git for-each-ref --format=%(refname)%00%(upstream:short)%00%(objectname)%00%(upstream:track) refs/heads/master refs/remotes/master
> git for-each-ref --sort -committerdate --format %(refname) %(objectname) %(*objectname)
> git remote --verbose
Warning: Failed to watch ref '/home/northern/Projects/anarchi/.git/refs/remotes/origin/master', is most likely packed.
> git config --get commit.template
> git ls-files --stage -- /home/northern/Projects/anarchi/anarchi.sh
> git cat-file -s da3b0eb4bc21cfe71e1f713945e76ea7aa891f26
> git show --textconv :anarchi.sh
> git status -z -u
> git symbolic-ref --short HEAD
> git for-each-ref --format=%(refname)%00%(upstream:short)%00%(objectname)%00%(upstream:track) refs/heads/master refs/remotes/master
> git for-each-ref --sort -committerdate --format %(refname) %(objectname) %(*objectname)
> git remote --verbose
Warning: Failed to watch ref '/home/northern/Projects/anarchi/.git/refs/remotes/origin/master', is most likely packed.
> git config --get commit.template
> git status -z -u
> git symbolic-ref --short HEAD
> git for-each-ref --format=%(refname)%00%(upstream:short)%00%(objectname)%00%(upstream:track) refs/heads/master refs/remotes/master
> git for-each-ref --sort -committerdate --format %(refname) %(objectname) %(*objectname)
> git remote --verbose
Warning: Failed to watch ref '/home/northern/Projects/anarchi/.git/refs/remotes/origin/master', is most likely packed.
> git config --get commit.template
> git ls-files --stage -- /home/northern/Projects/anarchi/anarchi.sh
> git cat-file -s da3b0eb4bc21cfe71e1f713945e76ea7aa891f26
> git show --textconv :anarchi.sh
> git status -z -u
> git symbolic-ref --short HEAD
> git for-each-ref --format=%(refname)%00%(upstream:short)%00%(objectname)%00%(upstream:track) refs/heads/master refs/remotes/master
> git for-each-ref --sort -committerdate --format %(refname) %(objectname) %(*objectname)
> git remote --verbose
Warning: Failed to watch ref '/home/northern/Projects/anarchi/.git/refs/remotes/origin/master', is most likely packed.
> git config --get commit.template
> git checkout -q -- /home/northern/Projects/anarchi/LICENSE /home/northern/Projects/anarchi/README.md /home/northern/Projects/anarchi/anarchi.sh
> git status -z -u
> git symbolic-ref --short HEAD
> git for-each-ref --format=%(refname)%00%(upstream:short)%00%(objectname)%00%(upstream:track) refs/heads/master refs/remotes/master
> git for-each-ref --sort -committerdate --format %(refname) %(objectname) %(*objectname)
> git remote --verbose
Warning: Failed to watch ref '/home/northern/Projects/anarchi/.git/refs/remotes/origin/master', is most likely packed.
> git config --get commit.template
> git status -z -u
> git symbolic-ref --short HEAD
> git for-each-ref --format=%(refname)%00%(upstream:short)%00%(objectname)%00%(upstream:track) refs/heads/master refs/remotes/master
> git for-each-ref --sort -committerdate --format %(refname) %(objectname) %(*objectname)
> git remote --verbose
Warning: Failed to watch ref '/home/northern/Projects/anarchi/.git/refs/remotes/origin/master', is most likely packed.
> git config --get commit.template
> git show --textconv :anarchi.sh
> git ls-files --stage -- /home/northern/Projects/anarchi/anarchi.sh
> git cat-file -s da3b0eb4bc21cfe71e1f713945e76ea7aa891f26
> git show --textconv :anarchi.sh
> git ls-files --stage -- /home/northern/Projects/anarchi/anarchi.sh
> git cat-file -s da3b0eb4bc21cfe71e1f713945e76ea7aa891f26
> git status -z -u
> git symbolic-ref --short HEAD
> git for-each-ref --format=%(refname)%00%(upstream:short)%00%(objectname)%00%(upstream:track) refs/heads/master refs/remotes/master
> git for-each-ref --sort -committerdate --format %(refname) %(objectname) %(*objectname)
> git remote --verbose
Warning: Failed to watch ref '/home/northern/Projects/anarchi/.git/refs/remotes/origin/master', is most likely packed.
> git config --get commit.template
> git show --textconv :README.md
> git ls-files --stage -- /home/northern/Projects/anarchi/README.md
> git cat-file -s 810655389c8d0be3b6b4b6385be4b4e92131635b
> git fetch
> git status -z -u
> git symbolic-ref --short HEAD
> git for-each-ref --format=%(refname)%00%(upstream:short)%00%(objectname)%00%(upstream:track) refs/heads/master refs/remotes/master
> git for-each-ref --sort -committerdate --format %(refname) %(objectname) %(*objectname)
> git remote --verbose
Warning: Failed to watch ref '/home/northern/Projects/anarchi/.git/refs/remotes/origin/master', is most likely packed.
> git config --get commit.template
> git ls-files --stage -- /home/northern/Projects/anarchi/README.md
> git cat-file -s 810655389c8d0be3b6b4b6385be4b4e92131635b
> git show --textconv :README.md
> git status -z -u
> git symbolic-ref --short HEAD
> git for-each-ref --format=%(refname)%00%(upstream:short)%00%(objectname)%00%(upstream:track) refs/heads/master refs/remotes/master
> git for-each-ref --sort -committerdate --format %(refname) %(objectname) %(*objectname)
> git remote --verbose
Warning: Failed to watch ref '/home/northern/Projects/anarchi/.git/refs/remotes/origin/master', is most likely packed.
> git config --get commit.template
> git show --textconv :LICENSE
> git ls-files --stage -- /home/northern/Projects/anarchi/LICENSE
> git cat-file -s 539946ebc9a9c3d716949369e7a1e3a7c631f896
> git show --textconv :README.md
> git ls-files --stage -- /home/northern/Projects/anarchi/README.md
> git cat-file -s 810655389c8d0be3b6b4b6385be4b4e92131635b
> git show --textconv :anarchi.sh
> git ls-files --stage -- /home/northern/Projects/anarchi/anarchi.sh
> git cat-file -s da3b0eb4bc21cfe71e1f713945e76ea7aa891f26
> git fetch
> git status -z -u
> git symbolic-ref --short HEAD
> git for-each-ref --format=%(refname)%00%(upstream:short)%00%(objectname)%00%(upstream:track) refs/heads/master refs/remotes/master
> git for-each-ref --sort -committerdate --format %(refname) %(objectname) %(*objectname)
> git remote --verbose
Warning: Failed to watch ref '/home/northern/Projects/anarchi/.git/refs/remotes/origin/master', is most likely packed.
> git config --get commit.template
> git ls-files --stage -- /home/northern/Projects/anarchi/anarchi.sh
> git cat-file -s da3b0eb4bc21cfe71e1f713945e76ea7aa891f26
> git show --textconv :anarchi.sh
> git status -z -u
> git symbolic-ref --short HEAD
> git for-each-ref --format=%(refname)%00%(upstream:short)%00%(objectname)%00%(upstream:track) refs/heads/master refs/remotes/master
> git for-each-ref --sort -committerdate --format %(refname) %(objectname) %(*objectname)
> git remote --verbose
Warning: Failed to watch ref '/home/northern/Projects/anarchi/.git/refs/remotes/origin/master', is most likely packed.
> git config --get commit.template
> git fetch
> git status -z -u
> git symbolic-ref --short HEAD
> git for-each-ref --format=%(refname)%00%(upstream:short)%00%(objectname)%00%(upstream:track) refs/heads/master refs/remotes/master
> git for-each-ref --sort -committerdate --format %(refname) %(objectname) %(*objectname)
> git remote --verbose
Warning: Failed to watch ref '/home/northern/Projects/anarchi/.git/refs/remotes/origin/master', is most likely packed.
> git config --get commit.template
> git ls-files --stage -- /home/northern/Projects/anarchi/anarchi.sh
> git cat-file -s da3b0eb4bc21cfe71e1f713945e76ea7aa891f26
> git show --textconv :anarchi.sh
> git status -z -u
> git symbolic-ref --short HEAD
> git for-each-ref --format=%(refname)%00%(upstream:short)%00%(objectname)%00%(upstream:track) refs/heads/master refs/remotes/master
> git for-each-ref --sort -committerdate --format %(refname) %(objectname) %(*objectname)
> git remote --verbose
Warning: Failed to watch ref '/home/northern/Projects/anarchi/.git/refs/remotes/origin/master', is most likely packed.
> git config --get commit.template
> git show --textconv :anarchi.sh
> git ls-files --stage -- /home/northern/Projects/anarchi/anarchi.sh
> git cat-file -s da3b0eb4bc21cfe71e1f713945e76ea7aa891f26
