Looking for git in: git
Using git 2.32.0 from git
Opening repository for path='/home/northern/.config/polybar/colorblocks' failed; ex=Failed to execute git {
  "exitCode": 128,
  "gitErrorCode": "NotAGitRepository",
  "gitCommand": "rev-parse",
  "stdout": "",
  "stderr": "fatal: not a git repository (or any of the parent directories): .git\n"
}
Opening repository for path='/home/northern/.config/polybar/colorblocks/bars.ini' failed; ex=Error: spawn ENOTDIR
Opening repository for path='/home/northern/.config/polybar/colorblocks/colors.ini' failed; ex=Error: spawn ENOTDIR
Opening repository for path='/home/northern/.config/polybar/colorblocks/config.ini' failed; ex=Error: spawn ENOTDIR
Opening repository for path='/home/northern/.config/polybar/colorblocks/launch.sh' failed; ex=Error: spawn ENOTDIR
Opening repository for path='/home/northern/.config/polybar/colorblocks/modules.ini' failed; ex=Error: spawn ENOTDIR
Opening repository for path='/home/northern/.config/polybar/colorblocks/preview.ini' failed; ex=Error: spawn ENOTDIR
Opening repository for path='/home/northern/.config/polybar/colorblocks/preview.sh' failed; ex=Error: spawn ENOTDIR
Opening repository for path='/home/northern/.config/polybar/colorblocks/scripts' failed; ex=Failed to execute git {
  "exitCode": 128,
  "gitErrorCode": "NotAGitRepository",
  "gitCommand": "rev-parse",
  "stdout": "",
  "stderr": "fatal: not a git repository (or any of the parent directories): .git\n"
}
Opening repository for path='/home/northern/.config/polybar/colorblocks/user_modules.ini' failed; ex=Error: spawn ENOTDIR
Opening repository for path='/home/northern/.config/polybar/colorblocks' failed; ex=Failed to execute git {
  "exitCode": 128,
  "gitErrorCode": "NotAGitRepository",
  "gitCommand": "rev-parse",
  "stdout": "",
  "stderr": "fatal: not a git repository (or any of the parent directories): .git\n"
}
Opening repository for path='/home/northern/.config/qtile' failed; ex=Failed to execute git {
  "exitCode": 128,
  "gitErrorCode": "NotAGitRepository",
  "gitCommand": "rev-parse",
  "stdout": "",
  "stderr": "fatal: not a git repository (or any of the parent directories): .git\n"
}
Opening repository for path='/home/northern/.config/polybar/colorblocks' failed; ex=Failed to execute git {
  "exitCode": 128,
  "gitErrorCode": "NotAGitRepository",
  "gitCommand": "rev-parse",
  "stdout": "",
  "stderr": "fatal: not a git repository (or any of the parent directories): .git\n"
}
Opening repository for path='/home/northern/.config/polybar/colorblocks' failed; ex=Failed to execute git {
  "exitCode": 128,
  "gitErrorCode": "NotAGitRepository",
  "gitCommand": "rev-parse",
  "stdout": "",
  "stderr": "fatal: not a git repository (or any of the parent directories): .git\n"
}
Opening repository for path='/home/northern/.config/polybar/colorblocks' failed; ex=Failed to execute git {
  "exitCode": 128,
  "gitErrorCode": "NotAGitRepository",
  "gitCommand": "rev-parse",
  "stdout": "",
  "stderr": "fatal: not a git repository (or any of the parent directories): .git\n"
}
Opening repository for path='/home/northern/.config/polybar/colorblocks' failed; ex=Failed to execute git {
  "exitCode": 128,
  "gitErrorCode": "NotAGitRepository",
  "gitCommand": "rev-parse",
  "stdout": "",
  "stderr": "fatal: not a git repository (or any of the parent directories): .git\n"
}
Opening repository for path='/home/northern/.config/polybar/colorblocks' failed; ex=Failed to execute git {
  "exitCode": 128,
  "gitErrorCode": "NotAGitRepository",
  "gitCommand": "rev-parse",
  "stdout": "",
  "stderr": "fatal: not a git repository (or any of the parent directories): .git\n"
}
