["INFO" - 2:48:32 PM] Extension Name: esbenp.prettier-vscode.
["INFO" - 2:48:32 PM] Extension Version: 8.0.1.
["INFO" - 3:14:12 PM] Formatting /home/northern/.config/alacritty/alacritty.yml
["INFO" - 3:14:12 PM] File Info:
{
  "ignored": false,
  "inferredParser": "yaml"
}
["INFO" - 3:14:12 PM] No local configuration (i.e. .prettierrc or .editorconfig) detected, falling back to VS Code configuration
["INFO" - 3:14:12 PM] Prettier Options:
{
  "arrowParens": "always",
  "bracketSpacing": true,
  "endOfLine": "lf",
  "htmlWhitespaceSensitivity": "css",
  "insertPragma": false,
  "jsxBracketSameLine": false,
  "jsxSingleQuote": false,
  "printWidth": 80,
  "proseWrap": "preserve",
  "quoteProps": "as-needed",
  "requirePragma": false,
  "semi": true,
  "singleQuote": false,
  "tabWidth": 2,
  "trailingComma": "es5",
  "useTabs": false,
  "vueIndentScriptAndStyle": false,
  "filepath": "/home/northern/.config/alacritty/alacritty.yml",
  "parser": "yaml"
}
["INFO" - 3:14:12 PM] Formatting completed in 183.599762ms.
["INFO" - 3:15:11 PM] Formatting /home/northern/.config/alacritty/alacritty.yml
["INFO" - 3:15:11 PM] File Info:
{
  "ignored": false,
  "inferredParser": "yaml"
}
["INFO" - 3:15:11 PM] No local configuration (i.e. .prettierrc or .editorconfig) detected, falling back to VS Code configuration
["INFO" - 3:15:11 PM] Prettier Options:
{
  "arrowParens": "always",
  "bracketSpacing": true,
  "endOfLine": "lf",
  "htmlWhitespaceSensitivity": "css",
  "insertPragma": false,
  "jsxBracketSameLine": false,
  "jsxSingleQuote": false,
  "printWidth": 80,
  "proseWrap": "preserve",
  "quoteProps": "as-needed",
  "requirePragma": false,
  "semi": true,
  "singleQuote": false,
  "tabWidth": 2,
  "trailingComma": "es5",
  "useTabs": false,
  "vueIndentScriptAndStyle": false,
  "filepath": "/home/northern/.config/alacritty/alacritty.yml",
  "parser": "yaml"
}
["INFO" - 3:15:11 PM] Formatting completed in 73.411878ms.
["INFO" - 3:15:23 PM] Formatting /home/northern/.config/alacritty/alacritty.yml
["INFO" - 3:15:23 PM] File Info:
{
  "ignored": false,
  "inferredParser": "yaml"
}
["INFO" - 3:15:23 PM] No local configuration (i.e. .prettierrc or .editorconfig) detected, falling back to VS Code configuration
["INFO" - 3:15:23 PM] Prettier Options:
{
  "arrowParens": "always",
  "bracketSpacing": true,
  "endOfLine": "lf",
  "htmlWhitespaceSensitivity": "css",
  "insertPragma": false,
  "jsxBracketSameLine": false,
  "jsxSingleQuote": false,
  "printWidth": 80,
  "proseWrap": "preserve",
  "quoteProps": "as-needed",
  "requirePragma": false,
  "semi": true,
  "singleQuote": false,
  "tabWidth": 2,
  "trailingComma": "es5",
  "useTabs": false,
  "vueIndentScriptAndStyle": false,
  "filepath": "/home/northern/.config/alacritty/alacritty.yml",
  "parser": "yaml"
}
["INFO" - 3:15:23 PM] Formatting completed in 76.223047ms.
["INFO" - 3:15:26 PM] Formatting /home/northern/.config/alacritty/alacritty.yml
["INFO" - 3:15:26 PM] File Info:
{
  "ignored": false,
  "inferredParser": "yaml"
}
["INFO" - 3:15:26 PM] No local configuration (i.e. .prettierrc or .editorconfig) detected, falling back to VS Code configuration
["INFO" - 3:15:26 PM] Prettier Options:
{
  "arrowParens": "always",
  "bracketSpacing": true,
  "endOfLine": "lf",
  "htmlWhitespaceSensitivity": "css",
  "insertPragma": false,
  "jsxBracketSameLine": false,
  "jsxSingleQuote": false,
  "printWidth": 80,
  "proseWrap": "preserve",
  "quoteProps": "as-needed",
  "requirePragma": false,
  "semi": true,
  "singleQuote": false,
  "tabWidth": 2,
  "trailingComma": "es5",
  "useTabs": false,
  "vueIndentScriptAndStyle": false,
  "filepath": "/home/northern/.config/alacritty/alacritty.yml",
  "parser": "yaml"
}
["INFO" - 3:15:26 PM] Formatting completed in 47.953688ms.
["INFO" - 3:15:29 PM] Formatting /home/northern/.config/alacritty/alacritty.yml
["INFO" - 3:15:29 PM] File Info:
{
  "ignored": false,
  "inferredParser": "yaml"
}
["INFO" - 3:15:29 PM] No local configuration (i.e. .prettierrc or .editorconfig) detected, falling back to VS Code configuration
["INFO" - 3:15:29 PM] Prettier Options:
{
  "arrowParens": "always",
  "bracketSpacing": true,
  "endOfLine": "lf",
  "htmlWhitespaceSensitivity": "css",
  "insertPragma": false,
  "jsxBracketSameLine": false,
  "jsxSingleQuote": false,
  "printWidth": 80,
  "proseWrap": "preserve",
  "quoteProps": "as-needed",
  "requirePragma": false,
  "semi": true,
  "singleQuote": false,
  "tabWidth": 2,
  "trailingComma": "es5",
  "useTabs": false,
  "vueIndentScriptAndStyle": false,
  "filepath": "/home/northern/.config/alacritty/alacritty.yml",
  "parser": "yaml"
}
["INFO" - 3:15:29 PM] Formatting completed in 28.077042ms.
["INFO" - 3:15:33 PM] Formatting /home/northern/.config/alacritty/alacritty.yml
["INFO" - 3:15:33 PM] File Info:
{
  "ignored": false,
  "inferredParser": "yaml"
}
["INFO" - 3:15:33 PM] No local configuration (i.e. .prettierrc or .editorconfig) detected, falling back to VS Code configuration
["INFO" - 3:15:33 PM] Prettier Options:
{
  "arrowParens": "always",
  "bracketSpacing": true,
  "endOfLine": "lf",
  "htmlWhitespaceSensitivity": "css",
  "insertPragma": false,
  "jsxBracketSameLine": false,
  "jsxSingleQuote": false,
  "printWidth": 80,
  "proseWrap": "preserve",
  "quoteProps": "as-needed",
  "requirePragma": false,
  "semi": true,
  "singleQuote": false,
  "tabWidth": 2,
  "trailingComma": "es5",
  "useTabs": false,
  "vueIndentScriptAndStyle": false,
  "filepath": "/home/northern/.config/alacritty/alacritty.yml",
  "parser": "yaml"
}
["INFO" - 3:15:33 PM] Formatting completed in 25.23819ms.
["INFO" - 3:16:53 PM] Formatting /home/northern/.config/alacritty/alacritty.yml
["INFO" - 3:16:53 PM] File Info:
{
  "ignored": false,
  "inferredParser": "yaml"
}
["INFO" - 3:16:53 PM] No local configuration (i.e. .prettierrc or .editorconfig) detected, falling back to VS Code configuration
["INFO" - 3:16:53 PM] Prettier Options:
{
  "arrowParens": "always",
  "bracketSpacing": true,
  "endOfLine": "lf",
  "htmlWhitespaceSensitivity": "css",
  "insertPragma": false,
  "jsxBracketSameLine": false,
  "jsxSingleQuote": false,
  "printWidth": 80,
  "proseWrap": "preserve",
  "quoteProps": "as-needed",
  "requirePragma": false,
  "semi": true,
  "singleQuote": false,
  "tabWidth": 2,
  "trailingComma": "es5",
  "useTabs": false,
  "vueIndentScriptAndStyle": false,
  "filepath": "/home/northern/.config/alacritty/alacritty.yml",
  "parser": "yaml"
}
["INFO" - 3:16:53 PM] Formatting completed in 59.252906ms.
["INFO" - 3:17:11 PM] Formatting /home/northern/.config/alacritty/alacritty.yml
["INFO" - 3:17:11 PM] File Info:
{
  "ignored": false,
  "inferredParser": "yaml"
}
["INFO" - 3:17:11 PM] No local configuration (i.e. .prettierrc or .editorconfig) detected, falling back to VS Code configuration
["INFO" - 3:17:11 PM] Prettier Options:
{
  "arrowParens": "always",
  "bracketSpacing": true,
  "endOfLine": "lf",
  "htmlWhitespaceSensitivity": "css",
  "insertPragma": false,
  "jsxBracketSameLine": false,
  "jsxSingleQuote": false,
  "printWidth": 80,
  "proseWrap": "preserve",
  "quoteProps": "as-needed",
  "requirePragma": false,
  "semi": true,
  "singleQuote": false,
  "tabWidth": 2,
  "trailingComma": "es5",
  "useTabs": false,
  "vueIndentScriptAndStyle": false,
  "filepath": "/home/northern/.config/alacritty/alacritty.yml",
  "parser": "yaml"
}
["INFO" - 3:17:11 PM] Formatting completed in 65.217844ms.
["INFO" - 3:17:33 PM] Formatting /home/northern/.config/alacritty/alacritty.yml
["INFO" - 3:17:33 PM] File Info:
{
  "ignored": false,
  "inferredParser": "yaml"
}
["INFO" - 3:17:33 PM] No local configuration (i.e. .prettierrc or .editorconfig) detected, falling back to VS Code configuration
["INFO" - 3:17:33 PM] Prettier Options:
{
  "arrowParens": "always",
  "bracketSpacing": true,
  "endOfLine": "lf",
  "htmlWhitespaceSensitivity": "css",
  "insertPragma": false,
  "jsxBracketSameLine": false,
  "jsxSingleQuote": false,
  "printWidth": 80,
  "proseWrap": "preserve",
  "quoteProps": "as-needed",
  "requirePragma": false,
  "semi": true,
  "singleQuote": false,
  "tabWidth": 2,
  "trailingComma": "es5",
  "useTabs": false,
  "vueIndentScriptAndStyle": false,
  "filepath": "/home/northern/.config/alacritty/alacritty.yml",
  "parser": "yaml"
}
["INFO" - 3:17:33 PM] Formatting completed in 56.110611ms.
["INFO" - 3:17:35 PM] Formatting /home/northern/.config/alacritty/alacritty.yml
["INFO" - 3:17:35 PM] File Info:
{
  "ignored": false,
  "inferredParser": "yaml"
}
["INFO" - 3:17:35 PM] No local configuration (i.e. .prettierrc or .editorconfig) detected, falling back to VS Code configuration
["INFO" - 3:17:35 PM] Prettier Options:
{
  "arrowParens": "always",
  "bracketSpacing": true,
  "endOfLine": "lf",
  "htmlWhitespaceSensitivity": "css",
  "insertPragma": false,
  "jsxBracketSameLine": false,
  "jsxSingleQuote": false,
  "printWidth": 80,
  "proseWrap": "preserve",
  "quoteProps": "as-needed",
  "requirePragma": false,
  "semi": true,
  "singleQuote": false,
  "tabWidth": 2,
  "trailingComma": "es5",
  "useTabs": false,
  "vueIndentScriptAndStyle": false,
  "filepath": "/home/northern/.config/alacritty/alacritty.yml",
  "parser": "yaml"
}
["INFO" - 3:17:35 PM] Formatting completed in 19.144799ms.
["INFO" - 3:17:36 PM] Formatting /home/northern/.config/alacritty/alacritty.yml
["INFO" - 3:17:36 PM] File Info:
{
  "ignored": false,
  "inferredParser": "yaml"
}
["INFO" - 3:17:36 PM] No local configuration (i.e. .prettierrc or .editorconfig) detected, falling back to VS Code configuration
["INFO" - 3:17:36 PM] Prettier Options:
{
  "arrowParens": "always",
  "bracketSpacing": true,
  "endOfLine": "lf",
  "htmlWhitespaceSensitivity": "css",
  "insertPragma": false,
  "jsxBracketSameLine": false,
  "jsxSingleQuote": false,
  "printWidth": 80,
  "proseWrap": "preserve",
  "quoteProps": "as-needed",
  "requirePragma": false,
  "semi": true,
  "singleQuote": false,
  "tabWidth": 2,
  "trailingComma": "es5",
  "useTabs": false,
  "vueIndentScriptAndStyle": false,
  "filepath": "/home/northern/.config/alacritty/alacritty.yml",
  "parser": "yaml"
}
["INFO" - 3:17:36 PM] Formatting completed in 53.015857ms.
["INFO" - 3:17:47 PM] Formatting /home/northern/.config/alacritty/alacritty.yml
["INFO" - 3:17:47 PM] File Info:
{
  "ignored": false,
  "inferredParser": "yaml"
}
["INFO" - 3:17:47 PM] No local configuration (i.e. .prettierrc or .editorconfig) detected, falling back to VS Code configuration
["INFO" - 3:17:47 PM] Prettier Options:
{
  "arrowParens": "always",
  "bracketSpacing": true,
  "endOfLine": "lf",
  "htmlWhitespaceSensitivity": "css",
  "insertPragma": false,
  "jsxBracketSameLine": false,
  "jsxSingleQuote": false,
  "printWidth": 80,
  "proseWrap": "preserve",
  "quoteProps": "as-needed",
  "requirePragma": false,
  "semi": true,
  "singleQuote": false,
  "tabWidth": 2,
  "trailingComma": "es5",
  "useTabs": false,
  "vueIndentScriptAndStyle": false,
  "filepath": "/home/northern/.config/alacritty/alacritty.yml",
  "parser": "yaml"
}
["INFO" - 3:17:47 PM] Formatting completed in 51.775659ms.
["INFO" - 3:18:32 PM] Formatting /home/northern/.config/alacritty/alacritty.yml
["INFO" - 3:18:32 PM] File Info:
{
  "ignored": false,
  "inferredParser": "yaml"
}
["INFO" - 3:18:32 PM] No local configuration (i.e. .prettierrc or .editorconfig) detected, falling back to VS Code configuration
["INFO" - 3:18:32 PM] Prettier Options:
{
  "arrowParens": "always",
  "bracketSpacing": true,
  "endOfLine": "lf",
  "htmlWhitespaceSensitivity": "css",
  "insertPragma": false,
  "jsxBracketSameLine": false,
  "jsxSingleQuote": false,
  "printWidth": 80,
  "proseWrap": "preserve",
  "quoteProps": "as-needed",
  "requirePragma": false,
  "semi": true,
  "singleQuote": false,
  "tabWidth": 2,
  "trailingComma": "es5",
  "useTabs": false,
  "vueIndentScriptAndStyle": false,
  "filepath": "/home/northern/.config/alacritty/alacritty.yml",
  "parser": "yaml"
}
["INFO" - 3:18:32 PM] Formatting completed in 50.88173ms.
["INFO" - 3:18:40 PM] Formatting /home/northern/.config/alacritty/alacritty.yml
["INFO" - 3:18:40 PM] File Info:
{
  "ignored": false,
  "inferredParser": "yaml"
}
["INFO" - 3:18:40 PM] No local configuration (i.e. .prettierrc or .editorconfig) detected, falling back to VS Code configuration
["INFO" - 3:18:40 PM] Prettier Options:
{
  "arrowParens": "always",
  "bracketSpacing": true,
  "endOfLine": "lf",
  "htmlWhitespaceSensitivity": "css",
  "insertPragma": false,
  "jsxBracketSameLine": false,
  "jsxSingleQuote": false,
  "printWidth": 80,
  "proseWrap": "preserve",
  "quoteProps": "as-needed",
  "requirePragma": false,
  "semi": true,
  "singleQuote": false,
  "tabWidth": 2,
  "trailingComma": "es5",
  "useTabs": false,
  "vueIndentScriptAndStyle": false,
  "filepath": "/home/northern/.config/alacritty/alacritty.yml",
  "parser": "yaml"
}
["INFO" - 3:18:40 PM] Formatting completed in 32.234536ms.
["INFO" - 3:18:43 PM] Formatting /home/northern/.config/alacritty/alacritty.yml
["INFO" - 3:18:43 PM] File Info:
{
  "ignored": false,
  "inferredParser": "yaml"
}
["INFO" - 3:18:43 PM] No local configuration (i.e. .prettierrc or .editorconfig) detected, falling back to VS Code configuration
["INFO" - 3:18:43 PM] Prettier Options:
{
  "arrowParens": "always",
  "bracketSpacing": true,
  "endOfLine": "lf",
  "htmlWhitespaceSensitivity": "css",
  "insertPragma": false,
  "jsxBracketSameLine": false,
  "jsxSingleQuote": false,
  "printWidth": 80,
  "proseWrap": "preserve",
  "quoteProps": "as-needed",
  "requirePragma": false,
  "semi": true,
  "singleQuote": false,
  "tabWidth": 2,
  "trailingComma": "es5",
  "useTabs": false,
  "vueIndentScriptAndStyle": false,
  "filepath": "/home/northern/.config/alacritty/alacritty.yml",
  "parser": "yaml"
}
["INFO" - 3:18:43 PM] Formatting completed in 63.564072ms.
["INFO" - 3:18:45 PM] Formatting /home/northern/.config/alacritty/alacritty.yml
["INFO" - 3:18:45 PM] File Info:
{
  "ignored": false,
  "inferredParser": "yaml"
}
["INFO" - 3:18:45 PM] No local configuration (i.e. .prettierrc or .editorconfig) detected, falling back to VS Code configuration
["INFO" - 3:18:45 PM] Prettier Options:
{
  "arrowParens": "always",
  "bracketSpacing": true,
  "endOfLine": "lf",
  "htmlWhitespaceSensitivity": "css",
  "insertPragma": false,
  "jsxBracketSameLine": false,
  "jsxSingleQuote": false,
  "printWidth": 80,
  "proseWrap": "preserve",
  "quoteProps": "as-needed",
  "requirePragma": false,
  "semi": true,
  "singleQuote": false,
  "tabWidth": 2,
  "trailingComma": "es5",
  "useTabs": false,
  "vueIndentScriptAndStyle": false,
  "filepath": "/home/northern/.config/alacritty/alacritty.yml",
  "parser": "yaml"
}
["INFO" - 3:18:45 PM] Formatting completed in 71.784253ms.
["INFO" - 3:19:15 PM] Formatting /home/northern/.config/alacritty/alacritty.yml
["INFO" - 3:19:15 PM] File Info:
{
  "ignored": false,
  "inferredParser": "yaml"
}
["INFO" - 3:19:15 PM] No local configuration (i.e. .prettierrc or .editorconfig) detected, falling back to VS Code configuration
["INFO" - 3:19:15 PM] Prettier Options:
{
  "arrowParens": "always",
  "bracketSpacing": true,
  "endOfLine": "lf",
  "htmlWhitespaceSensitivity": "css",
  "insertPragma": false,
  "jsxBracketSameLine": false,
  "jsxSingleQuote": false,
  "printWidth": 80,
  "proseWrap": "preserve",
  "quoteProps": "as-needed",
  "requirePragma": false,
  "semi": true,
  "singleQuote": false,
  "tabWidth": 2,
  "trailingComma": "es5",
  "useTabs": false,
  "vueIndentScriptAndStyle": false,
  "filepath": "/home/northern/.config/alacritty/alacritty.yml",
  "parser": "yaml"
}
["INFO" - 3:19:15 PM] Formatting completed in 53.685279ms.
["INFO" - 3:19:26 PM] Formatting /home/northern/.config/alacritty/alacritty.yml
["INFO" - 3:19:26 PM] File Info:
{
  "ignored": false,
  "inferredParser": "yaml"
}
["INFO" - 3:19:26 PM] No local configuration (i.e. .prettierrc or .editorconfig) detected, falling back to VS Code configuration
["INFO" - 3:19:26 PM] Prettier Options:
{
  "arrowParens": "always",
  "bracketSpacing": true,
  "endOfLine": "lf",
  "htmlWhitespaceSensitivity": "css",
  "insertPragma": false,
  "jsxBracketSameLine": false,
  "jsxSingleQuote": false,
  "printWidth": 80,
  "proseWrap": "preserve",
  "quoteProps": "as-needed",
  "requirePragma": false,
  "semi": true,
  "singleQuote": false,
  "tabWidth": 2,
  "trailingComma": "es5",
  "useTabs": false,
  "vueIndentScriptAndStyle": false,
  "filepath": "/home/northern/.config/alacritty/alacritty.yml",
  "parser": "yaml"
}
["INFO" - 3:19:26 PM] Formatting completed in 53.631005ms.
["INFO" - 3:19:54 PM] Formatting /home/northern/.config/alacritty/alacritty.yml
["INFO" - 3:19:54 PM] File Info:
{
  "ignored": false,
  "inferredParser": "yaml"
}
["INFO" - 3:19:54 PM] No local configuration (i.e. .prettierrc or .editorconfig) detected, falling back to VS Code configuration
["INFO" - 3:19:54 PM] Prettier Options:
{
  "arrowParens": "always",
  "bracketSpacing": true,
  "endOfLine": "lf",
  "htmlWhitespaceSensitivity": "css",
  "insertPragma": false,
  "jsxBracketSameLine": false,
  "jsxSingleQuote": false,
  "printWidth": 80,
  "proseWrap": "preserve",
  "quoteProps": "as-needed",
  "requirePragma": false,
  "semi": true,
  "singleQuote": false,
  "tabWidth": 2,
  "trailingComma": "es5",
  "useTabs": false,
  "vueIndentScriptAndStyle": false,
  "filepath": "/home/northern/.config/alacritty/alacritty.yml",
  "parser": "yaml"
}
["INFO" - 3:19:54 PM] Formatting completed in 25.182771ms.
["INFO" - 3:20:41 PM] Formatting /home/northern/.config/alacritty/alacritty.yml
["INFO" - 3:20:41 PM] File Info:
{
  "ignored": false,
  "inferredParser": "yaml"
}
["INFO" - 3:20:41 PM] No local configuration (i.e. .prettierrc or .editorconfig) detected, falling back to VS Code configuration
["INFO" - 3:20:41 PM] Prettier Options:
{
  "arrowParens": "always",
  "bracketSpacing": true,
  "endOfLine": "lf",
  "htmlWhitespaceSensitivity": "css",
  "insertPragma": false,
  "jsxBracketSameLine": false,
  "jsxSingleQuote": false,
  "printWidth": 80,
  "proseWrap": "preserve",
  "quoteProps": "as-needed",
  "requirePragma": false,
  "semi": true,
  "singleQuote": false,
  "tabWidth": 2,
  "trailingComma": "es5",
  "useTabs": false,
  "vueIndentScriptAndStyle": false,
  "filepath": "/home/northern/.config/alacritty/alacritty.yml",
  "parser": "yaml"
}
["INFO" - 3:20:41 PM] Formatting completed in 23.091954ms.
["INFO" - 3:20:51 PM] Formatting /home/northern/.config/alacritty/alacritty.yml
["INFO" - 3:20:51 PM] File Info:
{
  "ignored": false,
  "inferredParser": "yaml"
}
["INFO" - 3:20:51 PM] No local configuration (i.e. .prettierrc or .editorconfig) detected, falling back to VS Code configuration
["INFO" - 3:20:51 PM] Prettier Options:
{
  "arrowParens": "always",
  "bracketSpacing": true,
  "endOfLine": "lf",
  "htmlWhitespaceSensitivity": "css",
  "insertPragma": false,
  "jsxBracketSameLine": false,
  "jsxSingleQuote": false,
  "printWidth": 80,
  "proseWrap": "preserve",
  "quoteProps": "as-needed",
  "requirePragma": false,
  "semi": true,
  "singleQuote": false,
  "tabWidth": 2,
  "trailingComma": "es5",
  "useTabs": false,
  "vueIndentScriptAndStyle": false,
  "filepath": "/home/northern/.config/alacritty/alacritty.yml",
  "parser": "yaml"
}
["INFO" - 3:20:51 PM] Formatting completed in 38.865408ms.
["INFO" - 3:20:53 PM] Formatting /home/northern/.config/alacritty/alacritty.yml
["INFO" - 3:20:53 PM] File Info:
{
  "ignored": false,
  "inferredParser": "yaml"
}
["INFO" - 3:20:53 PM] No local configuration (i.e. .prettierrc or .editorconfig) detected, falling back to VS Code configuration
["INFO" - 3:20:53 PM] Prettier Options:
{
  "arrowParens": "always",
  "bracketSpacing": true,
  "endOfLine": "lf",
  "htmlWhitespaceSensitivity": "css",
  "insertPragma": false,
  "jsxBracketSameLine": false,
  "jsxSingleQuote": false,
  "printWidth": 80,
  "proseWrap": "preserve",
  "quoteProps": "as-needed",
  "requirePragma": false,
  "semi": true,
  "singleQuote": false,
  "tabWidth": 2,
  "trailingComma": "es5",
  "useTabs": false,
  "vueIndentScriptAndStyle": false,
  "filepath": "/home/northern/.config/alacritty/alacritty.yml",
  "parser": "yaml"
}
["INFO" - 3:20:53 PM] Formatting completed in 49.680945ms.
["INFO" - 3:20:56 PM] Formatting /home/northern/.config/alacritty/alacritty.yml
["INFO" - 3:20:56 PM] File Info:
{
  "ignored": false,
  "inferredParser": "yaml"
}
["INFO" - 3:20:56 PM] No local configuration (i.e. .prettierrc or .editorconfig) detected, falling back to VS Code configuration
["INFO" - 3:20:56 PM] Prettier Options:
{
  "arrowParens": "always",
  "bracketSpacing": true,
  "endOfLine": "lf",
  "htmlWhitespaceSensitivity": "css",
  "insertPragma": false,
  "jsxBracketSameLine": false,
  "jsxSingleQuote": false,
  "printWidth": 80,
  "proseWrap": "preserve",
  "quoteProps": "as-needed",
  "requirePragma": false,
  "semi": true,
  "singleQuote": false,
  "tabWidth": 2,
  "trailingComma": "es5",
  "useTabs": false,
  "vueIndentScriptAndStyle": false,
  "filepath": "/home/northern/.config/alacritty/alacritty.yml",
  "parser": "yaml"
}
["INFO" - 3:20:56 PM] Formatting completed in 29.242138ms.
["INFO" - 3:21:05 PM] Formatting /home/northern/.config/alacritty/alacritty.yml
["INFO" - 3:21:05 PM] File Info:
{
  "ignored": false,
  "inferredParser": "yaml"
}
["INFO" - 3:21:05 PM] No local configuration (i.e. .prettierrc or .editorconfig) detected, falling back to VS Code configuration
["INFO" - 3:21:05 PM] Prettier Options:
{
  "arrowParens": "always",
  "bracketSpacing": true,
  "endOfLine": "lf",
  "htmlWhitespaceSensitivity": "css",
  "insertPragma": false,
  "jsxBracketSameLine": false,
  "jsxSingleQuote": false,
  "printWidth": 80,
  "proseWrap": "preserve",
  "quoteProps": "as-needed",
  "requirePragma": false,
  "semi": true,
  "singleQuote": false,
  "tabWidth": 2,
  "trailingComma": "es5",
  "useTabs": false,
  "vueIndentScriptAndStyle": false,
  "filepath": "/home/northern/.config/alacritty/alacritty.yml",
  "parser": "yaml"
}
["INFO" - 3:21:05 PM] Formatting completed in 41.570342ms.
["INFO" - 3:21:11 PM] Formatting /home/northern/.config/alacritty/alacritty.yml
["INFO" - 3:21:11 PM] File Info:
{
  "ignored": false,
  "inferredParser": "yaml"
}
["INFO" - 3:21:11 PM] No local configuration (i.e. .prettierrc or .editorconfig) detected, falling back to VS Code configuration
["INFO" - 3:21:11 PM] Prettier Options:
{
  "arrowParens": "always",
  "bracketSpacing": true,
  "endOfLine": "lf",
  "htmlWhitespaceSensitivity": "css",
  "insertPragma": false,
  "jsxBracketSameLine": false,
  "jsxSingleQuote": false,
  "printWidth": 80,
  "proseWrap": "preserve",
  "quoteProps": "as-needed",
  "requirePragma": false,
  "semi": true,
  "singleQuote": false,
  "tabWidth": 2,
  "trailingComma": "es5",
  "useTabs": false,
  "vueIndentScriptAndStyle": false,
  "filepath": "/home/northern/.config/alacritty/alacritty.yml",
  "parser": "yaml"
}
["INFO" - 3:21:12 PM] Formatting completed in 29.674861ms.
["INFO" - 3:21:18 PM] Formatting /home/northern/.config/alacritty/alacritty.yml
["INFO" - 3:21:18 PM] File Info:
{
  "ignored": false,
  "inferredParser": "yaml"
}
["INFO" - 3:21:18 PM] No local configuration (i.e. .prettierrc or .editorconfig) detected, falling back to VS Code configuration
["INFO" - 3:21:18 PM] Prettier Options:
{
  "arrowParens": "always",
  "bracketSpacing": true,
  "endOfLine": "lf",
  "htmlWhitespaceSensitivity": "css",
  "insertPragma": false,
  "jsxBracketSameLine": false,
  "jsxSingleQuote": false,
  "printWidth": 80,
  "proseWrap": "preserve",
  "quoteProps": "as-needed",
  "requirePragma": false,
  "semi": true,
  "singleQuote": false,
  "tabWidth": 2,
  "trailingComma": "es5",
  "useTabs": false,
  "vueIndentScriptAndStyle": false,
  "filepath": "/home/northern/.config/alacritty/alacritty.yml",
  "parser": "yaml"
}
["INFO" - 3:21:19 PM] Formatting completed in 70.807666ms.
["INFO" - 3:22:42 PM] Formatting /home/northern/.config/alacritty/alacritty.yml
["INFO" - 3:22:42 PM] File Info:
{
  "ignored": false,
  "inferredParser": "yaml"
}
["INFO" - 3:22:42 PM] No local configuration (i.e. .prettierrc or .editorconfig) detected, falling back to VS Code configuration
["INFO" - 3:22:42 PM] Prettier Options:
{
  "arrowParens": "always",
  "bracketSpacing": true,
  "endOfLine": "lf",
  "htmlWhitespaceSensitivity": "css",
  "insertPragma": false,
  "jsxBracketSameLine": false,
  "jsxSingleQuote": false,
  "printWidth": 80,
  "proseWrap": "preserve",
  "quoteProps": "as-needed",
  "requirePragma": false,
  "semi": true,
  "singleQuote": false,
  "tabWidth": 2,
  "trailingComma": "es5",
  "useTabs": false,
  "vueIndentScriptAndStyle": false,
  "filepath": "/home/northern/.config/alacritty/alacritty.yml",
  "parser": "yaml"
}
["INFO" - 3:22:43 PM] Formatting completed in 95.031746ms.
["INFO" - 3:23:38 PM] Formatting /home/northern/.config/alacritty/alacritty.yml
["INFO" - 3:23:38 PM] File Info:
{
  "ignored": false,
  "inferredParser": "yaml"
}
["INFO" - 3:23:38 PM] No local configuration (i.e. .prettierrc or .editorconfig) detected, falling back to VS Code configuration
["INFO" - 3:23:38 PM] Prettier Options:
{
  "arrowParens": "always",
  "bracketSpacing": true,
  "endOfLine": "lf",
  "htmlWhitespaceSensitivity": "css",
  "insertPragma": false,
  "jsxBracketSameLine": false,
  "jsxSingleQuote": false,
  "printWidth": 80,
  "proseWrap": "preserve",
  "quoteProps": "as-needed",
  "requirePragma": false,
  "semi": true,
  "singleQuote": false,
  "tabWidth": 2,
  "trailingComma": "es5",
  "useTabs": false,
  "vueIndentScriptAndStyle": false,
  "filepath": "/home/northern/.config/alacritty/alacritty.yml",
  "parser": "yaml"
}
["INFO" - 3:23:38 PM] Formatting completed in 95.716628ms.
["INFO" - 3:25:44 PM] Formatting /home/northern/.config/alacritty/alacritty.yml
["INFO" - 3:25:44 PM] File Info:
{
  "ignored": false,
  "inferredParser": "yaml"
}
["INFO" - 3:25:44 PM] No local configuration (i.e. .prettierrc or .editorconfig) detected, falling back to VS Code configuration
["INFO" - 3:25:44 PM] Prettier Options:
{
  "arrowParens": "always",
  "bracketSpacing": true,
  "endOfLine": "lf",
  "htmlWhitespaceSensitivity": "css",
  "insertPragma": false,
  "jsxBracketSameLine": false,
  "jsxSingleQuote": false,
  "printWidth": 80,
  "proseWrap": "preserve",
  "quoteProps": "as-needed",
  "requirePragma": false,
  "semi": true,
  "singleQuote": false,
  "tabWidth": 2,
  "trailingComma": "es5",
  "useTabs": false,
  "vueIndentScriptAndStyle": false,
  "filepath": "/home/northern/.config/alacritty/alacritty.yml",
  "parser": "yaml"
}
["INFO" - 3:25:44 PM] Formatting completed in 21.121633ms.
["INFO" - 3:26:05 PM] Formatting /home/northern/.config/alacritty/alacritty.yml
["INFO" - 3:26:05 PM] File Info:
{
  "ignored": false,
  "inferredParser": "yaml"
}
["INFO" - 3:26:05 PM] No local configuration (i.e. .prettierrc or .editorconfig) detected, falling back to VS Code configuration
["INFO" - 3:26:05 PM] Prettier Options:
{
  "arrowParens": "always",
  "bracketSpacing": true,
  "endOfLine": "lf",
  "htmlWhitespaceSensitivity": "css",
  "insertPragma": false,
  "jsxBracketSameLine": false,
  "jsxSingleQuote": false,
  "printWidth": 80,
  "proseWrap": "preserve",
  "quoteProps": "as-needed",
  "requirePragma": false,
  "semi": true,
  "singleQuote": false,
  "tabWidth": 2,
  "trailingComma": "es5",
  "useTabs": false,
  "vueIndentScriptAndStyle": false,
  "filepath": "/home/northern/.config/alacritty/alacritty.yml",
  "parser": "yaml"
}
["INFO" - 3:26:05 PM] Formatting completed in 25.326997ms.
["INFO" - 3:26:55 PM] Formatting /home/northern/.config/alacritty/alacritty.yml
["INFO" - 3:26:55 PM] File Info:
{
  "ignored": false,
  "inferredParser": "yaml"
}
["INFO" - 3:26:55 PM] No local configuration (i.e. .prettierrc or .editorconfig) detected, falling back to VS Code configuration
["INFO" - 3:26:55 PM] Prettier Options:
{
  "arrowParens": "always",
  "bracketSpacing": true,
  "endOfLine": "lf",
  "htmlWhitespaceSensitivity": "css",
  "insertPragma": false,
  "jsxBracketSameLine": false,
  "jsxSingleQuote": false,
  "printWidth": 80,
  "proseWrap": "preserve",
  "quoteProps": "as-needed",
  "requirePragma": false,
  "semi": true,
  "singleQuote": false,
  "tabWidth": 2,
  "trailingComma": "es5",
  "useTabs": false,
  "vueIndentScriptAndStyle": false,
  "filepath": "/home/northern/.config/alacritty/alacritty.yml",
  "parser": "yaml"
}
["INFO" - 3:26:55 PM] Formatting completed in 47.96811ms.
["INFO" - 3:31:27 PM] Formatting /home/northern/.config/alacritty/alacritty.yml
["INFO" - 3:31:27 PM] File Info:
{
  "ignored": false,
  "inferredParser": "yaml"
}
["INFO" - 3:31:27 PM] No local configuration (i.e. .prettierrc or .editorconfig) detected, falling back to VS Code configuration
["INFO" - 3:31:27 PM] Prettier Options:
{
  "arrowParens": "always",
  "bracketSpacing": true,
  "endOfLine": "lf",
  "htmlWhitespaceSensitivity": "css",
  "insertPragma": false,
  "jsxBracketSameLine": false,
  "jsxSingleQuote": false,
  "printWidth": 80,
  "proseWrap": "preserve",
  "quoteProps": "as-needed",
  "requirePragma": false,
  "semi": true,
  "singleQuote": false,
  "tabWidth": 2,
  "trailingComma": "es5",
  "useTabs": false,
  "vueIndentScriptAndStyle": false,
  "filepath": "/home/northern/.config/alacritty/alacritty.yml",
  "parser": "yaml"
}
["INFO" - 3:31:27 PM] Formatting completed in 53.867407ms.
