[2021-07-02 10:02:04.326] [exthost] [info] extension host started
[2021-07-02 10:02:04.384] [exthost] [info] ExtensionService#_doActivateExtension vscode.microsoft-authentication {"startup":false,"extensionId":{"value":"vscode.microsoft-authentication","_lower":"vscode.microsoft-authentication"},"activationEvent":"onAuthenticationRequest:microsoft"}
[2021-07-02 10:02:04.384] [exthost] [info] ExtensionService#loadCommonJSModule file:///opt/visual-studio-code/resources/app/extensions/microsoft-authentication/dist/extension.js
[2021-07-02 10:02:04.397] [exthost] [info] ExtensionService#_doActivateExtension vscode.debug-auto-launch {"startup":true,"extensionId":{"value":"vscode.debug-auto-launch","_lower":"vscode.debug-auto-launch"},"activationEvent":"*"}
[2021-07-02 10:02:04.397] [exthost] [info] ExtensionService#loadCommonJSModule file:///opt/visual-studio-code/resources/app/extensions/debug-auto-launch/dist/extension
[2021-07-02 10:02:04.400] [exthost] [info] ExtensionService#_doActivateExtension vscode.git {"startup":true,"extensionId":{"value":"vscode.github","_lower":"vscode.github"},"activationEvent":"*"}
[2021-07-02 10:02:04.400] [exthost] [info] ExtensionService#loadCommonJSModule file:///opt/visual-studio-code/resources/app/extensions/git/dist/main
[2021-07-02 10:02:04.432] [exthost] [info] ExtensionService#_doActivateExtension Equinusocio.vsc-material-theme {"startup":true,"extensionId":{"value":"Equinusocio.vsc-material-theme","_lower":"equinusocio.vsc-material-theme"},"activationEvent":"*"}
[2021-07-02 10:02:04.432] [exthost] [info] ExtensionService#loadCommonJSModule file:///home/northern/.vscode/extensions/equinusocio.vsc-material-theme-33.2.2/build/material.theme.config
[2021-07-02 10:02:04.458] [exthost] [info] ExtensionService#_doActivateExtension PKief.material-icon-theme {"startup":true,"extensionId":{"value":"PKief.material-icon-theme","_lower":"pkief.material-icon-theme"},"activationEvent":"*"}
[2021-07-02 10:02:04.458] [exthost] [info] ExtensionService#loadCommonJSModule file:///home/northern/.vscode/extensions/pkief.material-icon-theme-4.7.0/dist/extension
[2021-07-02 10:02:04.471] [exthost] [info] ExtensionService#_doActivateExtension streetsidesoftware.code-spell-checker {"startup":true,"extensionId":{"value":"streetsidesoftware.code-spell-checker","_lower":"streetsidesoftware.code-spell-checker"},"activationEvent":"*"}
[2021-07-02 10:02:04.471] [exthost] [info] ExtensionService#loadCommonJSModule file:///home/northern/.vscode/extensions/streetsidesoftware.code-spell-checker-1.10.2/dist/extension.js
[2021-07-02 10:02:04.657] [exthost] [info] ExtensionService#_doActivateExtension ms-vscode.js-debug {"startup":false,"extensionId":{"value":"ms-vscode.js-debug","_lower":"ms-vscode.js-debug"},"activationEvent":"onCommand:extension.js-debug.clearAutoAttachVariables"}
[2021-07-02 10:02:04.657] [exthost] [info] ExtensionService#loadCommonJSModule file:///opt/visual-studio-code/resources/app/extensions/ms-vscode.js-debug/src/extension.js
[2021-07-02 10:02:04.753] [exthost] [info] ExtensionService#_doActivateExtension vscode.github {"startup":false,"extensionId":{"value":"vscode.github","_lower":"vscode.github"},"activationEvent":"*"}
[2021-07-02 10:02:04.753] [exthost] [info] ExtensionService#loadCommonJSModule file:///opt/visual-studio-code/resources/app/extensions/github/dist/extension.js
[2021-07-02 10:02:04.817] [exthost] [info] ExtensionService#_doActivateExtension vscode.github-authentication {"startup":false,"extensionId":{"value":"vscode.github-authentication","_lower":"vscode.github-authentication"},"activationEvent":"onAuthenticationRequest:github"}
[2021-07-02 10:02:04.817] [exthost] [info] ExtensionService#loadCommonJSModule file:///opt/visual-studio-code/resources/app/extensions/github-authentication/dist/extension.js
[2021-07-02 10:02:04.831] [exthost] [info] eager extensions activated
[2021-07-02 10:02:04.845] [exthost] [info] ExtensionService#_doActivateExtension vscode.emmet {"startup":false,"extensionId":{"value":"vscode.emmet","_lower":"vscode.emmet"},"activationEvent":"onStartupFinished"}
[2021-07-02 10:02:04.845] [exthost] [info] ExtensionService#loadCommonJSModule file:///opt/visual-studio-code/resources/app/extensions/emmet/dist/node/emmetNodeMain
[2021-07-02 10:02:04.852] [exthost] [info] ExtensionService#_doActivateExtension vscode.merge-conflict {"startup":false,"extensionId":{"value":"vscode.merge-conflict","_lower":"vscode.merge-conflict"},"activationEvent":"onStartupFinished"}
[2021-07-02 10:02:04.852] [exthost] [info] ExtensionService#loadCommonJSModule file:///opt/visual-studio-code/resources/app/extensions/merge-conflict/dist/mergeConflictMain
[2021-07-02 10:02:04.856] [exthost] [info] ExtensionService#_doActivateExtension vscode.testing-editor-contributions {"startup":false,"extensionId":{"value":"vscode.testing-editor-contributions","_lower":"vscode.testing-editor-contributions"},"activationEvent":"onStartupFinished"}
[2021-07-02 10:02:04.856] [exthost] [info] ExtensionService#loadCommonJSModule file:///opt/visual-studio-code/resources/app/extensions/testing-editor-contributions/dist/extension.js
[2021-07-02 10:02:04.857] [exthost] [info] ExtensionService#_doActivateExtension CoenraadS.bracket-pair-colorizer-2 {"startup":false,"extensionId":{"value":"CoenraadS.bracket-pair-colorizer-2","_lower":"coenraads.bracket-pair-colorizer-2"},"activationEvent":"onStartupFinished"}
[2021-07-02 10:02:04.857] [exthost] [info] ExtensionService#loadCommonJSModule file:///home/northern/.vscode/extensions/coenraads.bracket-pair-colorizer-2-0.2.1/out/src/extension
[2021-07-02 10:02:04.883] [exthost] [info] ExtensionService#_doActivateExtension dbaeumer.vscode-eslint {"startup":false,"extensionId":{"value":"dbaeumer.vscode-eslint","_lower":"dbaeumer.vscode-eslint"},"activationEvent":"onStartupFinished"}
[2021-07-02 10:02:04.883] [exthost] [info] ExtensionService#loadCommonJSModule file:///home/northern/.vscode/extensions/dbaeumer.vscode-eslint-2.1.23/client/out/extension
[2021-07-02 10:02:04.939] [exthost] [info] ExtensionService#_doActivateExtension esbenp.prettier-vscode {"startup":false,"extensionId":{"value":"esbenp.prettier-vscode","_lower":"esbenp.prettier-vscode"},"activationEvent":"onStartupFinished"}
[2021-07-02 10:02:04.940] [exthost] [info] ExtensionService#loadCommonJSModule file:///home/northern/.vscode/extensions/esbenp.prettier-vscode-8.0.1/dist/extension
[2021-07-02 11:30:42.278] [exthost] [info] ExtensionService#_doActivateExtension vscode.extension-editing {"startup":false,"extensionId":{"value":"vscode.extension-editing","_lower":"vscode.extension-editing"},"activationEvent":"onLanguage:markdown"}
[2021-07-02 11:30:42.278] [exthost] [info] ExtensionService#loadCommonJSModule file:///opt/visual-studio-code/resources/app/extensions/extension-editing/dist/extensionEditingMain
[2021-07-02 11:30:42.289] [exthost] [info] ExtensionService#_doActivateExtension vscode.markdown-language-features {"startup":false,"extensionId":{"value":"vscode.markdown-language-features","_lower":"vscode.markdown-language-features"},"activationEvent":"onLanguage:markdown"}
[2021-07-02 11:30:42.289] [exthost] [info] ExtensionService#loadCommonJSModule file:///opt/visual-studio-code/resources/app/extensions/markdown-language-features/dist/extension
[2021-07-02 16:02:42.613] [exthost] [warning] [Decorations] CAPPING events from decorations provider vscode.git 1525
[2021-07-02 16:02:44.794] [exthost] [warning] [Decorations] CAPPING events from decorations provider vscode.git 1525
[2021-07-02 16:02:47.692] [exthost] [warning] [Decorations] CAPPING events from decorations provider vscode.git 1525
[2021-07-02 16:02:54.225] [exthost] [warning] [Decorations] CAPPING events from decorations provider vscode.git 1525
[2021-07-02 16:03:07.661] [exthost] [warning] [Decorations] CAPPING events from decorations provider vscode.git 776
[2021-07-02 16:03:12.777] [exthost] [warning] [Decorations] CAPPING events from decorations provider vscode.git 1525
[2021-07-02 16:03:18.580] [exthost] [warning] [Decorations] CAPPING events from decorations provider vscode.git 1525
[2021-07-02 16:03:23.649] [exthost] [warning] [Decorations] CAPPING events from decorations provider vscode.git 1525
[2021-07-02 16:03:28.755] [exthost] [warning] [Decorations] CAPPING events from decorations provider vscode.git 1525
[2021-07-02 16:03:44.551] [exthost] [warning] [Decorations] CAPPING events from decorations provider vscode.git 1525
[2021-07-02 16:03:53.508] [exthost] [warning] [Decorations] CAPPING events from decorations provider vscode.git 1525
[2021-07-02 16:03:58.584] [exthost] [warning] [Decorations] CAPPING events from decorations provider vscode.git 1524
[2021-07-02 16:04:03.692] [exthost] [warning] [Decorations] CAPPING events from decorations provider vscode.git 1524
[2021-07-02 16:04:08.770] [exthost] [warning] [Decorations] CAPPING events from decorations provider vscode.git 1525
[2021-07-02 16:04:13.870] [exthost] [warning] [Decorations] CAPPING events from decorations provider vscode.git 1525
[2021-07-02 16:04:18.944] [exthost] [warning] [Decorations] CAPPING events from decorations provider vscode.git 1525
[2021-07-02 16:04:24.026] [exthost] [warning] [Decorations] CAPPING events from decorations provider vscode.git 1525
[2021-07-02 16:04:30.263] [exthost] [warning] [Decorations] CAPPING events from decorations provider vscode.git 1525
[2021-07-02 16:04:35.344] [exthost] [warning] [Decorations] CAPPING events from decorations provider vscode.git 1524
[2021-07-02 16:04:43.709] [exthost] [warning] [Decorations] CAPPING events from decorations provider vscode.git 1524
[2021-07-02 16:04:48.807] [exthost] [warning] [Decorations] CAPPING events from decorations provider vscode.git 1524
[2021-07-02 17:10:37.015] [exthost] [warning] [Decorations] CAPPING events from decorations provider vscode.git 1525
[2021-07-02 17:10:47.752] [exthost] [warning] [Decorations] CAPPING events from decorations provider vscode.git 1525
[2021-07-02 17:11:39.484] [exthost] [warning] [Decorations] CAPPING events from decorations provider vscode.git 1526
[2021-07-02 17:11:55.999] [exthost] [warning] [Decorations] CAPPING events from decorations provider vscode.git 1526
[2021-07-02 17:12:01.110] [exthost] [warning] [Decorations] CAPPING events from decorations provider vscode.git 1526
[2021-07-02 17:12:06.204] [exthost] [warning] [Decorations] CAPPING events from decorations provider vscode.git 1526
[2021-07-02 17:12:15.408] [exthost] [warning] [Decorations] CAPPING events from decorations provider vscode.git 1526
[2021-07-02 17:12:50.649] [exthost] [warning] [Decorations] CAPPING events from decorations provider vscode.git 1526
[2021-07-02 17:12:58.025] [exthost] [warning] [Decorations] CAPPING events from decorations provider vscode.git 1526
[2021-07-02 17:14:46.670] [exthost] [warning] [Decorations] CAPPING events from decorations provider vscode.git 1526
[2021-07-02 17:14:53.029] [exthost] [warning] [Decorations] CAPPING events from decorations provider vscode.git 1526
[2021-07-02 17:42:14.779] [exthost] [warning] [Decorations] CAPPING events from decorations provider vscode.git 1527
[2021-07-02 17:42:59.208] [exthost] [warning] [Decorations] CAPPING events from decorations provider vscode.git 1527
[2021-07-02 17:42:59.280] [exthost] [warning] [Decorations] CAPPING events from decorations provider vscode.git 1527
[2021-07-02 17:43:04.389] [exthost] [warning] [Decorations] CAPPING events from decorations provider vscode.git 1527
[2021-07-02 17:43:30.310] [exthost] [warning] [Decorations] CAPPING events from decorations provider vscode.git 1527
[2021-07-02 17:44:39.721] [exthost] [warning] [Decorations] CAPPING events from decorations provider vscode.git 1527
[2021-07-02 17:45:16.752] [exthost] [warning] [Decorations] CAPPING events from decorations provider vscode.git 1527
[2021-07-02 17:45:42.086] [exthost] [warning] [Decorations] CAPPING events from decorations provider vscode.git 1527
[2021-07-02 17:46:00.046] [exthost] [warning] [Decorations] CAPPING events from decorations provider vscode.git 1527
[2021-07-02 17:46:02.156] [exthost] [warning] [Decorations] CAPPING events from decorations provider vscode.git 1527
[2021-07-02 17:46:29.560] [exthost] [warning] [Decorations] CAPPING events from decorations provider vscode.git 1527
[2021-07-02 17:46:56.672] [exthost] [warning] [Decorations] CAPPING events from decorations provider vscode.git 1527
[2021-07-02 18:02:02.990] [exthost] [info] extension host terminating: renderer closed the socket
[2021-07-02 18:02:04.003] [exthost] [info] exiting with code 0
